# JRE version: OpenJDK Runtime Environment (8.0_242-b01) (build 1.8.0_242-release-1644-b01)
# Java VM: OpenJDK 64-Bit Server VM (25.242-b01 mixed mode windows-amd64 compressed oops)
Heap:
 PSYoungGen      total 152064K, used 9733K [0x00000000f5580000, 0x00000000ffe00000, 0x0000000100000000)
  eden space 133632K, 0% used [0x00000000f5580000,0x00000000f5580000,0x00000000fd800000)
  from space 18432K, 52% used [0x00000000fec00000,0x00000000ff581578,0x00000000ffe00000)
  to   space 19456K, 0% used [0x00000000fd800000,0x00000000fd800000,0x00000000feb00000)
 ParOldGen       total 349696K, used 320906K [0x00000000e0000000, 0x00000000f5580000, 0x00000000f5580000)
  object space 349696K, 91% used [0x00000000e0000000,0x00000000f39628e8,0x00000000f5580000)
 Metaspace       used 112058K, capacity 121734K, committed 125912K, reserved 1159168K
  class space    used 14197K, capacity 15892K, committed 17152K, reserved 1048576K
GC Heap History (10 events):
Event: 5135.808 GC heap after
Heap after GC invocations=213 (full 7):
 PSYoungGen      total 150016K, used 9332K [0x00000000f5580000, 0x00000000ffd00000, 0x0000000100000000)
  eden space 128512K, 0% used [0x00000000f5580000,0x00000000f5580000,0x00000000fd300000)
  from space 21504K, 43% used [0x00000000fe800000,0x00000000ff11d1c0,0x00000000ffd00000)
  to   space 21504K, 0% used [0x00000000fd300000,0x00000000fd300000,0x00000000fe800000)
 ParOldGen       total 349696K, used 320810K [0x00000000e0000000, 0x00000000f5580000, 0x00000000f5580000)
  object space 349696K, 91% used [0x00000000e0000000,0x00000000f394a8d8,0x00000000f5580000)
 Metaspace       used 111927K, capacity 121562K, committed 125912K, reserved 1159168K
  class space    used 14190K, capacity 15882K, committed 17152K, reserved 1048576K
}
Event: 5152.851 GC heap before
{Heap before GC invocations=214 (full 7):
 PSYoungGen      total 150016K, used 137844K [0x00000000f5580000, 0x00000000ffd00000, 0x0000000100000000)
  eden space 128512K, 100% used [0x00000000f5580000,0x00000000fd300000,0x00000000fd300000)
  from space 21504K, 43% used [0x00000000fe800000,0x00000000ff11d1c0,0x00000000ffd00000)
  to   space 21504K, 0% used [0x00000000fd300000,0x00000000fd300000,0x00000000fe800000)
 ParOldGen       total 349696K, used 320810K [0x00000000e0000000, 0x00000000f5580000, 0x00000000f5580000)
  object space 349696K, 91% used [0x00000000e0000000,0x00000000f394a8d8,0x00000000f5580000)
 Metaspace       used 111960K, capacity 121562K, committed 125912K, reserved 1159168K
  class space    used 14190K, capacity 15882K, committed 17152K, reserved 1048576K
Event: 5152.855 GC heap after
Heap after GC invocations=214 (full 7):
 PSYoungGen      total 150016K, used 8293K [0x00000000f5580000, 0x00000000ffe00000, 0x0000000100000000)
  eden space 128512K, 0% used [0x00000000f5580000,0x00000000f5580000,0x00000000fd300000)
  from space 21504K, 38% used [0x00000000fd300000,0x00000000fdb19578,0x00000000fe800000)
  to   space 20480K, 0% used [0x00000000fea00000,0x00000000fea00000,0x00000000ffe00000)
 ParOldGen       total 349696K, used 320810K [0x00000000e0000000, 0x00000000f5580000, 0x00000000f5580000)
  object space 349696K, 91% used [0x00000000e0000000,0x00000000f394a8d8,0x00000000f5580000)
 Metaspace       used 111960K, capacity 121562K, committed 125912K, reserved 1159168K
  class space    used 14190K, capacity 15882K, committed 17152K, reserved 1048576K
}
Event: 5190.290 GC heap before
{Heap before GC invocations=215 (full 7):
 PSYoungGen      total 150016K, used 136805K [0x00000000f5580000, 0x00000000ffe00000, 0x0000000100000000)
  eden space 128512K, 100% used [0x00000000f5580000,0x00000000fd300000,0x00000000fd300000)
  from space 21504K, 38% used [0x00000000fd300000,0x00000000fdb19578,0x00000000fe800000)
  to   space 20480K, 0% used [0x00000000fea00000,0x00000000fea00000,0x00000000ffe00000)
 ParOldGen       total 349696K, used 320810K [0x00000000e0000000, 0x00000000f5580000, 0x00000000f5580000)
  object space 349696K, 91% used [0x00000000e0000000,0x00000000f394a8d8,0x00000000f5580000)
 Metaspace       used 111984K, capacity 121626K, committed 125912K, reserved 1159168K
  class space    used 14190K, capacity 15882K, committed 17152K, reserved 1048576K
Event: 5190.294 GC heap after
Heap after GC invocations=215 (full 7):
 PSYoungGen      total 152064K, used 3741K [0x00000000f5580000, 0x00000000fff00000, 0x0000000100000000)
  eden space 131584K, 0% used [0x00000000f5580000,0x00000000f5580000,0x00000000fd600000)
  from space 20480K, 18% used [0x00000000fea00000,0x00000000feda77d0,0x00000000ffe00000)
  to   space 20480K, 0% used [0x00000000fd600000,0x00000000fd600000,0x00000000fea00000)
 ParOldGen       total 349696K, used 320818K [0x00000000e0000000, 0x00000000f5580000, 0x00000000f5580000)
  object space 349696K, 91% used [0x00000000e0000000,0x00000000f394c8d8,0x00000000f5580000)
 Metaspace       used 111984K, capacity 121626K, committed 125912K, reserved 1159168K
  class space    used 14190K, capacity 15882K, committed 17152K, reserved 1048576K
}
Event: 5190.497 GC heap before
{Heap before GC invocations=216 (full 7):
 PSYoungGen      total 152064K, used 135325K [0x00000000f5580000, 0x00000000fff00000, 0x0000000100000000)
  eden space 131584K, 100% used [0x00000000f5580000,0x00000000fd600000,0x00000000fd600000)
  from space 20480K, 18% used [0x00000000fea00000,0x00000000feda77d0,0x00000000ffe00000)
  to   space 20480K, 0% used [0x00000000fd600000,0x00000000fd600000,0x00000000fea00000)
 ParOldGen       total 349696K, used 320818K [0x00000000e0000000, 0x00000000f5580000, 0x00000000f5580000)
  object space 349696K, 91% used [0x00000000e0000000,0x00000000f394c8d8,0x00000000f5580000)
 Metaspace       used 112019K, capacity 121626K, committed 125912K, reserved 1159168K
  class space    used 14190K, capacity 15882K, committed 17152K, reserved 1048576K
Event: 5190.502 GC heap after
Heap after GC invocations=216 (full 7):
 PSYoungGen      total 152064K, used 12357K [0x00000000f5580000, 0x0000000100000000, 0x0000000100000000)
  eden space 131584K, 0% used [0x00000000f5580000,0x00000000f5580000,0x00000000fd600000)
  from space 20480K, 60% used [0x00000000fd600000,0x00000000fe211578,0x00000000fea00000)
  to   space 20480K, 0% used [0x00000000fec00000,0x00000000fec00000,0x0000000100000000)
 ParOldGen       total 349696K, used 320818K [0x00000000e0000000, 0x00000000f5580000, 0x00000000f5580000)
  object space 349696K, 91% used [0x00000000e0000000,0x00000000f394c8d8,0x00000000f5580000)
 Metaspace       used 112019K, capacity 121626K, committed 125912K, reserved 1159168K
  class space    used 14190K, capacity 15882K, committed 17152K, reserved 1048576K
}
Event: 5689.619 GC heap before
{Heap before GC invocations=217 (full 7):
 PSYoungGen      total 152064K, used 112204K [0x00000000f5580000, 0x0000000100000000, 0x0000000100000000)
  eden space 131584K, 75% used [0x00000000f5580000,0x00000000fb701cf8,0x00000000fd600000)
  from space 20480K, 60% used [0x00000000fd600000,0x00000000fe211578,0x00000000fea00000)
  to   space 20480K, 0% used [0x00000000fec00000,0x00000000fec00000,0x0000000100000000)
 ParOldGen       total 349696K, used 320818K [0x00000000e0000000, 0x00000000f5580000, 0x00000000f5580000)
  object space 349696K, 91% used [0x00000000e0000000,0x00000000f394c8d8,0x00000000f5580000)
 Metaspace       used 112058K, capacity 121734K, committed 125912K, reserved 1159168K
  class space    used 14197K, capacity 15892K, committed 17152K, reserved 1048576K
Event: 5689.624 GC heap after
Heap after GC invocations=217 (full 7):
 PSYoungGen      total 152064K, used 9733K [0x00000000f5580000, 0x00000000ffe00000, 0x0000000100000000)
  eden space 133632K, 0% used [0x00000000f5580000,0x00000000f5580000,0x00000000fd800000)
  from space 18432K, 52% used [0x00000000fec00000,0x00000000ff581578,0x00000000ffe00000)
  to   space 19456K, 0% used [0x00000000fd800000,0x00000000fd800000,0x00000000feb00000)
 ParOldGen       total 349696K, used 320906K [0x00000000e0000000, 0x00000000f5580000, 0x00000000f5580000)
  object space 349696K, 91% used [0x00000000e0000000,0x00000000f39628e8,0x00000000f5580000)
 Metaspace       used 112058K, capacity 121734K, committed 125912K, reserved 1159168K
  class space    used 14197K, capacity 15892K, committed 17152K, reserved 1048576K
}
Event: 5689.624 GC heap before
{Heap before GC invocations=218 (full 8):
 PSYoungGen      total 152064K, used 9733K [0x00000000f5580000, 0x00000000ffe00000, 0x0000000100000000)
  eden space 133632K, 0% used [0x00000000f5580000,0x00000000f5580000,0x00000000fd800000)
  from space 18432K, 52% used [0x00000000fec00000,0x00000000ff581578,0x00000000ffe00000)
  to   space 19456K, 0% used [0x00000000fd800000,0x00000000fd800000,0x00000000feb00000)
 ParOldGen       total 349696K, used 320906K [0x00000000e0000000, 0x00000000f5580000, 0x00000000f5580000)
  object space 349696K, 91% used [0x00000000e0000000,0x00000000f39628e8,0x00000000f5580000)
 Metaspace       used 112058K, capacity 121734K, committed 125912K, reserved 1159168K
  class space    used 14197K, capacity 15892K, committed 17152K, reserved 1048576K

